5555 = Numero
5555.557 = Numero
Error léxico en la línea 3: Se esperaba un dígito después del punto decimal.
333 = Numero
3333e333 = Numero
Error léxico en la línea 6: Se esperaba un exponente después de la e.
123 = Numero
123.321e654 = Numero
123.321e+654 = Numero
123.321e-654 = Numero
Error léxico en la línea 11: Se esperaba un exponente después de la e.
"Hola a todos mi nombre es Jose" = Cadena
Error léxico en la línea 13: Se esperaba finalizar con comillas.
"" = Cadena
Error léxico en la línea 15: Se esperaba finalizar con comillas.
'H' = Caracter
"" = Cadena
Error léxico en la línea 18: Se esperaba finalizar con una comilla simple.
''' = Caracter
#23423423423 = Caracter
# = Caracter
@ = Caracter
3333 = Numero
@ = Caracter
El archivo 'prueba' tiene 23 líneas.
